* installing *source* package ‘spatialwidget’ ...
** package ‘spatialwidget’ successfully unpacked and MD5 sums checked
** using staged installation
** libs
ccache /usr/local/clang8/bin/clang++ -std=gnu++11 -I"/Library/Frameworks/R.framework/Resources/include" -DNDEBUG -DSTRICT_R_HEADERS -I"/Users/dave/Documents/github/geojsonsf/revdep/library.noindex/spatialwidget/BH/include" -I"/Users/dave/Documents/github/geojsonsf/revdep/library.noindex/spatialwidget/colourvalues/include" -I"/Users/dave/Documents/github/geojsonsf/revdep/library.noindex/geojsonsf/old/geojsonsf/include" -I"/Users/dave/Documents/github/geojsonsf/revdep/library.noindex/spatialwidget/jsonify/include" -I"/Users/dave/Documents/github/geojsonsf/revdep/library.noindex/spatialwidget/rapidjsonr/include" -I"/Users/dave/Documents/github/geojsonsf/revdep/library.noindex/spatialwidget/Rcpp/include" -isysroot /Library/Developer/CommandLineTools/SDKs/MacOSX.sdk -I/usr/local/include -I../inst/include -fPIC  -Wall -g -O2  -c RcppExports.cpp -o RcppExports.o
ccache /usr/local/clang8/bin/clang++ -std=gnu++11 -I"/Library/Frameworks/R.framework/Resources/include" -DNDEBUG -DSTRICT_R_HEADERS -I"/Users/dave/Documents/github/geojsonsf/revdep/library.noindex/spatialwidget/BH/include" -I"/Users/dave/Documents/github/geojsonsf/revdep/library.noindex/spatialwidget/colourvalues/include" -I"/Users/dave/Documents/github/geojsonsf/revdep/library.noindex/geojsonsf/old/geojsonsf/include" -I"/Users/dave/Documents/github/geojsonsf/revdep/library.noindex/spatialwidget/jsonify/include" -I"/Users/dave/Documents/github/geojsonsf/revdep/library.noindex/spatialwidget/rapidjsonr/include" -I"/Users/dave/Documents/github/geojsonsf/revdep/library.noindex/spatialwidget/Rcpp/include" -isysroot /Library/Developer/CommandLineTools/SDKs/MacOSX.sdk -I/usr/local/include -I../inst/include -fPIC  -Wall -g -O2  -c data_construction.cpp -o data_construction.o
ccache /usr/local/clang8/bin/clang++ -std=gnu++11 -I"/Library/Frameworks/R.framework/Resources/include" -DNDEBUG -DSTRICT_R_HEADERS -I"/Users/dave/Documents/github/geojsonsf/revdep/library.noindex/spatialwidget/BH/include" -I"/Users/dave/Documents/github/geojsonsf/revdep/library.noindex/spatialwidget/colourvalues/include" -I"/Users/dave/Documents/github/geojsonsf/revdep/library.noindex/geojsonsf/old/geojsonsf/include" -I"/Users/dave/Documents/github/geojsonsf/revdep/library.noindex/spatialwidget/jsonify/include" -I"/Users/dave/Documents/github/geojsonsf/revdep/library.noindex/spatialwidget/rapidjsonr/include" -I"/Users/dave/Documents/github/geojsonsf/revdep/library.noindex/spatialwidget/Rcpp/include" -isysroot /Library/Developer/CommandLineTools/SDKs/MacOSX.sdk -I/usr/local/include -I../inst/include -fPIC  -Wall -g -O2  -c geojson.cpp -o geojson.o
In file included from geojson.cpp:2:
In file included from ../inst/include/spatialwidget/spatialwidget.hpp:7:
In file included from /Users/dave/Documents/github/geojsonsf/revdep/library.noindex/spatialwidget/colourvalues/include/colourvalues/colours/colours_hex.hpp:5:
In file included from /Users/dave/Documents/github/geojsonsf/revdep/library.noindex/spatialwidget/colourvalues/include/colourvalues/colours.hpp:10:
/Users/dave/Documents/github/geojsonsf/revdep/library.noindex/spatialwidget/BH/include/boost/math/interpolators/cubic_b_spline.hpp:28:1: warning: This header is deprecated. Use <boost/math/interpolators/cardinal_cubic_b_spline.hpp> instead. [-W#pragma-messages]
BOOST_HEADER_DEPRECATED("<boost/math/interpolators/cardinal_cubic_b_spline.hpp>");
^
/Users/dave/Documents/github/geojsonsf/revdep/library.noindex/spatialwidget/BH/include/boost/config/header_deprecated.hpp:23:37: note: expanded from macro 'BOOST_HEADER_DEPRECATED'
# define BOOST_HEADER_DEPRECATED(a) BOOST_PRAGMA_MESSAGE("This header is deprecated. Use " a " instead.")
                                    ^
/Users/dave/Documents/github/geojsonsf/revdep/library.noindex/spatialwidget/BH/include/boost/config/pragma_message.hpp:24:34: note: expanded from macro 'BOOST_PRAGMA_MESSAGE'
# define BOOST_PRAGMA_MESSAGE(x) _Pragma(BOOST_STRINGIZE(message(x)))
                                 ^
<scratch space>:14:2: note: expanded from here
 message("This header is deprecated. Use " "<boost/math/interpolators/cardinal_cubic_b_spline.hpp>" " instead.")
 ^
1 warning generated.
ccache /usr/local/clang8/bin/clang++ -std=gnu++11 -I"/Library/Frameworks/R.framework/Resources/include" -DNDEBUG -DSTRICT_R_HEADERS -I"/Users/dave/Documents/github/geojsonsf/revdep/library.noindex/spatialwidget/BH/include" -I"/Users/dave/Documents/github/geojsonsf/revdep/library.noindex/spatialwidget/colourvalues/include" -I"/Users/dave/Documents/github/geojsonsf/revdep/library.noindex/geojsonsf/old/geojsonsf/include" -I"/Users/dave/Documents/github/geojsonsf/revdep/library.noindex/spatialwidget/jsonify/include" -I"/Users/dave/Documents/github/geojsonsf/revdep/library.noindex/spatialwidget/rapidjsonr/include" -I"/Users/dave/Documents/github/geojsonsf/revdep/library.noindex/spatialwidget/Rcpp/include" -isysroot /Library/Developer/CommandLineTools/SDKs/MacOSX.sdk -I/usr/local/include -I../inst/include -fPIC  -Wall -g -O2  -c geometrycollection.cpp -o geometrycollection.o
ccache /usr/local/clang8/bin/clang++ -std=gnu++11 -I"/Library/Frameworks/R.framework/Resources/include" -DNDEBUG -DSTRICT_R_HEADERS -I"/Users/dave/Documents/github/geojsonsf/revdep/library.noindex/spatialwidget/BH/include" -I"/Users/dave/Documents/github/geojsonsf/revdep/library.noindex/spatialwidget/colourvalues/include" -I"/Users/dave/Documents/github/geojsonsf/revdep/library.noindex/geojsonsf/old/geojsonsf/include" -I"/Users/dave/Documents/github/geojsonsf/revdep/library.noindex/spatialwidget/jsonify/include" -I"/Users/dave/Documents/github/geojsonsf/revdep/library.noindex/spatialwidget/rapidjsonr/include" -I"/Users/dave/Documents/github/geojsonsf/revdep/library.noindex/spatialwidget/Rcpp/include" -isysroot /Library/Developer/CommandLineTools/SDKs/MacOSX.sdk -I/usr/local/include -I../inst/include -fPIC  -Wall -g -O2  -c palette.cpp -o palette.o
In file included from palette.cpp:2:
In file included from ../inst/include/spatialwidget/palette/palette.hpp:6:
In file included from /Users/dave/Documents/github/geojsonsf/revdep/library.noindex/spatialwidget/colourvalues/include/colourvalues/colours/colours_hex.hpp:5:
In file included from /Users/dave/Documents/github/geojsonsf/revdep/library.noindex/spatialwidget/colourvalues/include/colourvalues/colours.hpp:10:
/Users/dave/Documents/github/geojsonsf/revdep/library.noindex/spatialwidget/BH/include/boost/math/interpolators/cubic_b_spline.hpp:28:1: warning: This header is deprecated. Use <boost/math/interpolators/cardinal_cubic_b_spline.hpp> instead. [-W#pragma-messages]
BOOST_HEADER_DEPRECATED("<boost/math/interpolators/cardinal_cubic_b_spline.hpp>");
^
/Users/dave/Documents/github/geojsonsf/revdep/library.noindex/spatialwidget/BH/include/boost/config/header_deprecated.hpp:23:37: note: expanded from macro 'BOOST_HEADER_DEPRECATED'
# define BOOST_HEADER_DEPRECATED(a) BOOST_PRAGMA_MESSAGE("This header is deprecated. Use " a " instead.")
                                    ^
/Users/dave/Documents/github/geojsonsf/revdep/library.noindex/spatialwidget/BH/include/boost/config/pragma_message.hpp:24:34: note: expanded from macro 'BOOST_PRAGMA_MESSAGE'
# define BOOST_PRAGMA_MESSAGE(x) _Pragma(BOOST_STRINGIZE(message(x)))
                                 ^
<scratch space>:14:2: note: expanded from here
 message("This header is deprecated. Use " "<boost/math/interpolators/cardinal_cubic_b_spline.hpp>" " instead.")
 ^
1 warning generated.
ccache /usr/local/clang8/bin/clang++ -std=gnu++11 -I"/Library/Frameworks/R.framework/Resources/include" -DNDEBUG -DSTRICT_R_HEADERS -I"/Users/dave/Documents/github/geojsonsf/revdep/library.noindex/spatialwidget/BH/include" -I"/Users/dave/Documents/github/geojsonsf/revdep/library.noindex/spatialwidget/colourvalues/include" -I"/Users/dave/Documents/github/geojsonsf/revdep/library.noindex/geojsonsf/old/geojsonsf/include" -I"/Users/dave/Documents/github/geojsonsf/revdep/library.noindex/spatialwidget/jsonify/include" -I"/Users/dave/Documents/github/geojsonsf/revdep/library.noindex/spatialwidget/rapidjsonr/include" -I"/Users/dave/Documents/github/geojsonsf/revdep/library.noindex/spatialwidget/Rcpp/include" -isysroot /Library/Developer/CommandLineTools/SDKs/MacOSX.sdk -I/usr/local/include -I../inst/include -fPIC  -Wall -g -O2  -c spatialwidget_defaults.cpp -o spatialwidget_defaults.o
ccache /usr/local/clang8/bin/clang++ -std=gnu++11 -I"/Library/Frameworks/R.framework/Resources/include" -DNDEBUG -DSTRICT_R_HEADERS -I"/Users/dave/Documents/github/geojsonsf/revdep/library.noindex/spatialwidget/BH/include" -I"/Users/dave/Documents/github/geojsonsf/revdep/library.noindex/spatialwidget/colourvalues/include" -I"/Users/dave/Documents/github/geojsonsf/revdep/library.noindex/geojsonsf/old/geojsonsf/include" -I"/Users/dave/Documents/github/geojsonsf/revdep/library.noindex/spatialwidget/jsonify/include" -I"/Users/dave/Documents/github/geojsonsf/revdep/library.noindex/spatialwidget/rapidjsonr/include" -I"/Users/dave/Documents/github/geojsonsf/revdep/library.noindex/spatialwidget/Rcpp/include" -isysroot /Library/Developer/CommandLineTools/SDKs/MacOSX.sdk -I/usr/local/include -I../inst/include -fPIC  -Wall -g -O2  -c utils.cpp -o utils.o
ccache /usr/local/clang8/bin/clang++ -std=gnu++11 -I"/Library/Frameworks/R.framework/Resources/include" -DNDEBUG -DSTRICT_R_HEADERS -I"/Users/dave/Documents/github/geojsonsf/revdep/library.noindex/spatialwidget/BH/include" -I"/Users/dave/Documents/github/geojsonsf/revdep/library.noindex/spatialwidget/colourvalues/include" -I"/Users/dave/Documents/github/geojsonsf/revdep/library.noindex/geojsonsf/old/geojsonsf/include" -I"/Users/dave/Documents/github/geojsonsf/revdep/library.noindex/spatialwidget/jsonify/include" -I"/Users/dave/Documents/github/geojsonsf/revdep/library.noindex/spatialwidget/rapidjsonr/include" -I"/Users/dave/Documents/github/geojsonsf/revdep/library.noindex/spatialwidget/Rcpp/include" -isysroot /Library/Developer/CommandLineTools/SDKs/MacOSX.sdk -I/usr/local/include -I../inst/include -fPIC  -Wall -g -O2  -c widget_line.cpp -o widget_line.o
In file included from widget_line.cpp:2:
In file included from ../inst/include/spatialwidget/spatialwidget.hpp:7:
In file included from /Users/dave/Documents/github/geojsonsf/revdep/library.noindex/spatialwidget/colourvalues/include/colourvalues/colours/colours_hex.hpp:5:
In file included from /Users/dave/Documents/github/geojsonsf/revdep/library.noindex/spatialwidget/colourvalues/include/colourvalues/colours.hpp:10:
/Users/dave/Documents/github/geojsonsf/revdep/library.noindex/spatialwidget/BH/include/boost/math/interpolators/cubic_b_spline.hpp:28:1: warning: This header is deprecated. Use <boost/math/interpolators/cardinal_cubic_b_spline.hpp> instead. [-W#pragma-messages]
BOOST_HEADER_DEPRECATED("<boost/math/interpolators/cardinal_cubic_b_spline.hpp>");
^
/Users/dave/Documents/github/geojsonsf/revdep/library.noindex/spatialwidget/BH/include/boost/config/header_deprecated.hpp:23:37: note: expanded from macro 'BOOST_HEADER_DEPRECATED'
# define BOOST_HEADER_DEPRECATED(a) BOOST_PRAGMA_MESSAGE("This header is deprecated. Use " a " instead.")
                                    ^
/Users/dave/Documents/github/geojsonsf/revdep/library.noindex/spatialwidget/BH/include/boost/config/pragma_message.hpp:24:34: note: expanded from macro 'BOOST_PRAGMA_MESSAGE'
# define BOOST_PRAGMA_MESSAGE(x) _Pragma(BOOST_STRINGIZE(message(x)))
                                 ^
<scratch space>:14:2: note: expanded from here
 message("This header is deprecated. Use " "<boost/math/interpolators/cardinal_cubic_b_spline.hpp>" " instead.")
 ^
1 warning generated.
ccache /usr/local/clang8/bin/clang++ -std=gnu++11 -I"/Library/Frameworks/R.framework/Resources/include" -DNDEBUG -DSTRICT_R_HEADERS -I"/Users/dave/Documents/github/geojsonsf/revdep/library.noindex/spatialwidget/BH/include" -I"/Users/dave/Documents/github/geojsonsf/revdep/library.noindex/spatialwidget/colourvalues/include" -I"/Users/dave/Documents/github/geojsonsf/revdep/library.noindex/geojsonsf/old/geojsonsf/include" -I"/Users/dave/Documents/github/geojsonsf/revdep/library.noindex/spatialwidget/jsonify/include" -I"/Users/dave/Documents/github/geojsonsf/revdep/library.noindex/spatialwidget/rapidjsonr/include" -I"/Users/dave/Documents/github/geojsonsf/revdep/library.noindex/spatialwidget/Rcpp/include" -isysroot /Library/Developer/CommandLineTools/SDKs/MacOSX.sdk -I/usr/local/include -I../inst/include -fPIC  -Wall -g -O2  -c widget_point.cpp -o widget_point.o
In file included from widget_point.cpp:2:
In file included from ../inst/include/spatialwidget/spatialwidget.hpp:7:
In file included from /Users/dave/Documents/github/geojsonsf/revdep/library.noindex/spatialwidget/colourvalues/include/colourvalues/colours/colours_hex.hpp:5:
In file included from /Users/dave/Documents/github/geojsonsf/revdep/library.noindex/spatialwidget/colourvalues/include/colourvalues/colours.hpp:10:
/Users/dave/Documents/github/geojsonsf/revdep/library.noindex/spatialwidget/BH/include/boost/math/interpolators/cubic_b_spline.hpp:28:1: warning: This header is deprecated. Use <boost/math/interpolators/cardinal_cubic_b_spline.hpp> instead. [-W#pragma-messages]
BOOST_HEADER_DEPRECATED("<boost/math/interpolators/cardinal_cubic_b_spline.hpp>");
^
/Users/dave/Documents/github/geojsonsf/revdep/library.noindex/spatialwidget/BH/include/boost/config/header_deprecated.hpp:23:37: note: expanded from macro 'BOOST_HEADER_DEPRECATED'
# define BOOST_HEADER_DEPRECATED(a) BOOST_PRAGMA_MESSAGE("This header is deprecated. Use " a " instead.")
                                    ^
/Users/dave/Documents/github/geojsonsf/revdep/library.noindex/spatialwidget/BH/include/boost/config/pragma_message.hpp:24:34: note: expanded from macro 'BOOST_PRAGMA_MESSAGE'
# define BOOST_PRAGMA_MESSAGE(x) _Pragma(BOOST_STRINGIZE(message(x)))
                                 ^
<scratch space>:14:2: note: expanded from here
 message("This header is deprecated. Use " "<boost/math/interpolators/cardinal_cubic_b_spline.hpp>" " instead.")
 ^
1 warning generated.
ccache /usr/local/clang8/bin/clang++ -std=gnu++11 -I"/Library/Frameworks/R.framework/Resources/include" -DNDEBUG -DSTRICT_R_HEADERS -I"/Users/dave/Documents/github/geojsonsf/revdep/library.noindex/spatialwidget/BH/include" -I"/Users/dave/Documents/github/geojsonsf/revdep/library.noindex/spatialwidget/colourvalues/include" -I"/Users/dave/Documents/github/geojsonsf/revdep/library.noindex/geojsonsf/old/geojsonsf/include" -I"/Users/dave/Documents/github/geojsonsf/revdep/library.noindex/spatialwidget/jsonify/include" -I"/Users/dave/Documents/github/geojsonsf/revdep/library.noindex/spatialwidget/rapidjsonr/include" -I"/Users/dave/Documents/github/geojsonsf/revdep/library.noindex/spatialwidget/Rcpp/include" -isysroot /Library/Developer/CommandLineTools/SDKs/MacOSX.sdk -I/usr/local/include -I../inst/include -fPIC  -Wall -g -O2  -c widget_polygon.cpp -o widget_polygon.o
In file included from widget_polygon.cpp:2:
In file included from ../inst/include/spatialwidget/spatialwidget.hpp:7:
In file included from /Users/dave/Documents/github/geojsonsf/revdep/library.noindex/spatialwidget/colourvalues/include/colourvalues/colours/colours_hex.hpp:5:
In file included from /Users/dave/Documents/github/geojsonsf/revdep/library.noindex/spatialwidget/colourvalues/include/colourvalues/colours.hpp:10:
/Users/dave/Documents/github/geojsonsf/revdep/library.noindex/spatialwidget/BH/include/boost/math/interpolators/cubic_b_spline.hpp:28:1: warning: This header is deprecated. Use <boost/math/interpolators/cardinal_cubic_b_spline.hpp> instead. [-W#pragma-messages]
BOOST_HEADER_DEPRECATED("<boost/math/interpolators/cardinal_cubic_b_spline.hpp>");
^
/Users/dave/Documents/github/geojsonsf/revdep/library.noindex/spatialwidget/BH/include/boost/config/header_deprecated.hpp:23:37: note: expanded from macro 'BOOST_HEADER_DEPRECATED'
# define BOOST_HEADER_DEPRECATED(a) BOOST_PRAGMA_MESSAGE("This header is deprecated. Use " a " instead.")
                                    ^
/Users/dave/Documents/github/geojsonsf/revdep/library.noindex/spatialwidget/BH/include/boost/config/pragma_message.hpp:24:34: note: expanded from macro 'BOOST_PRAGMA_MESSAGE'
# define BOOST_PRAGMA_MESSAGE(x) _Pragma(BOOST_STRINGIZE(message(x)))
                                 ^
<scratch space>:14:2: note: expanded from here
 message("This header is deprecated. Use " "<boost/math/interpolators/cardinal_cubic_b_spline.hpp>" " instead.")
 ^
1 warning generated.
ccache /usr/local/clang8/bin/clang++ -std=gnu++11 -dynamiclib -Wl,-headerpad_max_install_names -undefined dynamic_lookup -single_module -multiply_defined suppress -L/Library/Frameworks/R.framework/Resources/lib -L/usr/local/clang8/lib -o spatialwidget.so RcppExports.o data_construction.o geojson.o geometrycollection.o palette.o spatialwidget_defaults.o utils.o widget_line.o widget_point.o widget_polygon.o -F/Library/Frameworks/R.framework/.. -framework R -Wl,-framework -Wl,CoreFoundation
ld: warning: text-based stub file /System/Library/Frameworks//CoreFoundation.framework/CoreFoundation.tbd and library file /System/Library/Frameworks//CoreFoundation.framework/CoreFoundation are out of sync. Falling back to library file for linking.
installing to /Users/dave/Documents/github/geojsonsf/revdep/checks.noindex/spatialwidget/old/spatialwidget.Rcheck/00LOCK-spatialwidget/00new/spatialwidget/libs
** R
** data
*** moving datasets to lazyload DB
** inst
** byte-compile and prepare package for lazy loading
** help
*** installing help indices
** building package indices
** installing vignettes
** testing if installed package can be loaded from temporary location
** checking absolute paths in shared objects and dynamic libraries
** testing if installed package can be loaded from final location
** testing if installed package keeps a record of temporary installation path
* DONE (spatialwidget)
